<?xml version="1.0" encoding="UTF-8"?>
<testng-results ignored="0" total="4" passed="3" failed="1" skipped="0">
  <reporter-output>
  </reporter-output>
  <suite started-at="2023-02-07T08:13:04 IST" name="Default suite" finished-at="2023-02-07T08:13:35 IST" duration-ms="30818">
    <groups>
      <group name="regression">
        <method signature="LoginTest.verifyBuildTitleName()[pri:3, instance:test.LoginTest@2dde1bff]" name="verifyBuildTitleName" class="test.LoginTest"/>
        <method signature="LoginTest.verifyCurrentUrlOfPage()[pri:1, instance:test.LoginTest@2dde1bff]" name="verifyCurrentUrlOfPage" class="test.LoginTest"/>
        <method signature="LoginTest.verifyLoginWithCorrectCredentials()[pri:2, instance:test.LoginTest@2dde1bff]" name="verifyLoginWithCorrectCredentials" class="test.LoginTest"/>
        <method signature="LoginTest.verifyTitleOfLoginPage()[pri:0, instance:test.LoginTest@2dde1bff]" name="verifyTitleOfLoginPage" class="test.LoginTest"/>
      </group> <!-- regression -->
      <group name="smoke">
        <method signature="LoginTest.verifyBuildTitleName()[pri:3, instance:test.LoginTest@2dde1bff]" name="verifyBuildTitleName" class="test.LoginTest"/>
        <method signature="LoginTest.verifyCurrentUrlOfPage()[pri:1, instance:test.LoginTest@2dde1bff]" name="verifyCurrentUrlOfPage" class="test.LoginTest"/>
        <method signature="LoginTest.verifyLoginWithCorrectCredentials()[pri:2, instance:test.LoginTest@2dde1bff]" name="verifyLoginWithCorrectCredentials" class="test.LoginTest"/>
        <method signature="LoginTest.verifyTitleOfLoginPage()[pri:0, instance:test.LoginTest@2dde1bff]" name="verifyTitleOfLoginPage" class="test.LoginTest"/>
      </group> <!-- smoke -->
    </groups>
    <test started-at="2023-02-07T08:13:04 IST" name="Default test" finished-at="2023-02-07T08:13:35 IST" duration-ms="30818">
      <class name="test.LoginTest">
        <test-method is-config="true" signature="initBrowser()[pri:0, instance:test.LoginTest@2dde1bff]" started-at="2023-02-07T08:13:04 IST" name="initBrowser" finished-at="2023-02-07T08:13:30 IST" duration-ms="25584" status="PASS">
          <reporter-output>
          </reporter-output>
        </test-method> <!-- initBrowser -->
        <test-method is-config="true" signature="pageObjects()[pri:0, instance:test.LoginTest@2dde1bff]" started-at="2023-02-07T08:13:30 IST" name="pageObjects" finished-at="2023-02-07T08:13:30 IST" duration-ms="33" status="PASS">
          <reporter-output>
          </reporter-output>
        </test-method> <!-- pageObjects -->
        <test-method signature="verifyTitleOfLoginPage()[pri:0, instance:test.LoginTest@2dde1bff]" started-at="2023-02-07T08:13:30 IST" name="verifyTitleOfLoginPage" finished-at="2023-02-07T08:13:31 IST" duration-ms="802" status="PASS">
          <reporter-output>
          </reporter-output>
        </test-method> <!-- verifyTitleOfLoginPage -->
        <test-method signature="verifyCurrentUrlOfPage()[pri:1, instance:test.LoginTest@2dde1bff]" started-at="2023-02-07T08:13:31 IST" name="verifyCurrentUrlOfPage" finished-at="2023-02-07T08:13:31 IST" duration-ms="16" status="PASS">
          <reporter-output>
          </reporter-output>
        </test-method> <!-- verifyCurrentUrlOfPage -->
        <test-method signature="verifyLoginWithCorrectCredentials()[pri:2, instance:test.LoginTest@2dde1bff]" started-at="2023-02-07T08:13:31 IST" name="verifyLoginWithCorrectCredentials" finished-at="2023-02-07T08:13:33 IST" duration-ms="2825" status="PASS">
          <reporter-output>
          </reporter-output>
        </test-method> <!-- verifyLoginWithCorrectCredentials -->
        <test-method signature="verifyBuildTitleName()[pri:3, instance:test.LoginTest@2dde1bff]" started-at="2023-02-07T08:13:33 IST" name="verifyBuildTitleName" finished-at="2023-02-07T08:13:33 IST" duration-ms="48" status="FAIL">
          <exception class="java.lang.AssertionError">
            <message>
              <![CDATA[expected:<OrangeHRM> but was:<OrngeHrm>]]>
            </message>
            <full-stacktrace>
              <![CDATA[java.lang.AssertionError: expected:<OrangeHRM> but was:<OrngeHrm>
at org.testng.AssertJUnit.assertEquals(AssertJUnit.java:115)
at org.testng.AssertJUnit.assertEquals(AssertJUnit.java:125)
at test.LoginTest.verifyBuildTitleName(LoginTest.java:29)
at java.base/jdk.internal.reflect.NativeMethodAccessorImpl.invoke0(Native Method)
at java.base/jdk.internal.reflect.NativeMethodAccessorImpl.invoke(NativeMethodAccessorImpl.java:64)
at java.base/jdk.internal.reflect.DelegatingMethodAccessorImpl.invoke(DelegatingMethodAccessorImpl.java:43)
at java.base/java.lang.reflect.Method.invoke(Method.java:564)
at org.testng.internal.MethodInvocationHelper.invokeMethod(MethodInvocationHelper.java:133)
at org.testng.internal.TestInvoker.invokeMethod(TestInvoker.java:598)
at org.testng.internal.TestInvoker.invokeTestMethod(TestInvoker.java:173)
at org.testng.internal.MethodRunner.runInSequence(MethodRunner.java:46)
at org.testng.internal.TestInvoker$MethodInvocationAgent.invoke(TestInvoker.java:824)
at org.testng.internal.TestInvoker.invokeTestMethods(TestInvoker.java:146)
at org.testng.internal.TestMethodWorker.invokeTestMethods(TestMethodWorker.java:146)
at org.testng.internal.TestMethodWorker.run(TestMethodWorker.java:128)
at java.base/java.util.ArrayList.forEach(ArrayList.java:1511)
at org.testng.TestRunner.privateRun(TestRunner.java:794)
at org.testng.TestRunner.run(TestRunner.java:596)
at org.testng.SuiteRunner.runTest(SuiteRunner.java:377)
at org.testng.SuiteRunner.runSequentially(SuiteRunner.java:371)
at org.testng.SuiteRunner.privateRun(SuiteRunner.java:332)
at org.testng.SuiteRunner.run(SuiteRunner.java:276)
at org.testng.SuiteRunnerWorker.runSuite(SuiteRunnerWorker.java:53)
at org.testng.SuiteRunnerWorker.run(SuiteRunnerWorker.java:96)
at org.testng.TestNG.runSuitesSequentially(TestNG.java:1212)
at org.testng.TestNG.runSuitesLocally(TestNG.java:1134)
at org.testng.TestNG.runSuites(TestNG.java:1063)
at org.testng.TestNG.run(TestNG.java:1031)
at org.testng.remote.AbstractRemoteTestNG.run(AbstractRemoteTestNG.java:115)
at org.testng.remote.RemoteTestNG.initAndRun(RemoteTestNG.java:251)
at org.testng.remote.RemoteTestNG.main(RemoteTestNG.java:77)
]]>
            </full-stacktrace>
          </exception> <!-- java.lang.AssertionError -->
          <reporter-output>
          </reporter-output>
        </test-method> <!-- verifyBuildTitleName -->
        <test-method is-config="true" signature="tearDownEnvirnment()[pri:0, instance:test.LoginTest@2dde1bff]" started-at="2023-02-07T08:13:34 IST" name="tearDownEnvirnment" finished-at="2023-02-07T08:13:35 IST" duration-ms="1439" status="PASS">
          <reporter-output>
          </reporter-output>
        </test-method> <!-- tearDownEnvirnment -->
      </class> <!-- test.LoginTest -->
    </test> <!-- Default test -->
  </suite> <!-- Default suite -->
</testng-results>
